<?xml version="1.0" encoding="UTF-8"?>
<!-- Generated by org.testng.reporters.JUnitReportReporter -->
<testsuite hostname="Admin" failures="0" tests="1" name="com.example.AppTest" time="35.372" errors="0" timestamp="2024-05-02T14:23:51 IST" skipped="0">
  <testcase classname="com.example.AppTest" name="sample" time="35.372"/>
</testsuite> <!-- com.example.AppTest -->
